<?xml version="1.0" encoding="UTF-8"?>
<testsuite name="Tetris.AppTest" tests="1" skipped="0" failures="0" errors="0" timestamp="2023-12-16T02:31:41" hostname="JOSE" time="0.042">
  <properties/>
  <testcase name="appHasAGreeting()" classname="Tetris.AppTest" time="0.042"/>
  <system-out><![CDATA[]]></system-out>
  <system-err><![CDATA[]]></system-err>
</testsuite>
